iMPACT Version: 13.4

iMPACT log file Started on Thu May 23 20:48:23 2013

Welcome to iMPACT
iMPACT Version: 13.4
Project: F:\Xilinx\13.4\ISE_DS\\auto_project.ipf created.
// *** BATCH CMD : setMode -bs
// *** BATCH CMD : setCable -port xsvf -file "F:/XilinxProjects/Camera_3/Camera_3.xsvf"
// *** BATCH CMD : addDevice -p 1 -file "F:/Xilinx Projects/Camera_3/main.bit"
'1': Loading file 'F:/Xilinx Projects/Camera_3/main.bit' ...
done.
INFO:iMPACT:1777 - 
   Reading F:/Xilinx/13.4/ISE_DS/ISE/spartan3e/data/xc3s1200e.bsd...
UserID read from the bitstream file = 0xFFFFFFFF.
INFO:iMPACT:501 - '1': Added Device xc3s1200e successfully.
----------------------------------------------------------------------
Setting Target Device to Mode:BS, Device position 0.
INFO:iMPACT - Current time: 5/23/2013 8:49:54 PM
// *** BATCH CMD : Program -p 1 

'1': Programming device...
PROGRESS_START - Starting Operation.
 LCK_cycle = NoWait.
LCK cycle: NoWait
done.
INFO:iMPACT:579 - '1': Completed downloading bit file to device.
INFO:iMPACT:188 - '1': Programming completed successfully.
 LCK_cycle = NoWait.
LCK cycle: NoWait
INFO:iMPACT - '1': Checking done pin....done.
'1': Programmed successfully.
PROGRESS_END - End Operation.
Elapsed time =      1 sec.
Setting Target Device to Mode:BS, Device position 0.
Project: 'F:\Xilinx\13.4\ISE_DS\\auto_project.ipf' created.
// *** BATCH CMD : setMode -bs
// *** BATCH CMD : setMode -ss
// *** BATCH CMD : setMode -sm
// *** BATCH CMD : setMode -hw140
// *** BATCH CMD : setMode -spi
// *** BATCH CMD : setMode -acecf
// *** BATCH CMD : setMode -acempm
// *** BATCH CMD : setMode -pff
// *** BATCH CMD : setMode -bs
// *** BATCH CMD : saveProjectFile -file"F:\Xilinx\13.4\ISE_DS\\auto_project.ipf"
// *** BATCH CMD : setMode -bs
// *** BATCH CMD : deleteDevice -position 1
// *** BATCH CMD : setMode -bs
// *** BATCH CMD : setMode -ss
// *** BATCH CMD : setMode -sm
// *** BATCH CMD : setMode -hw140
// *** BATCH CMD : setMode -spi
// *** BATCH CMD : setMode -acecf
// *** BATCH CMD : setMode -acempm
// *** BATCH CMD : setMode -pff
Welcome to iMPACT
iMPACT Version: 13.4
Project: 'F:\Xilinx\13.4\ISE_DS\\auto_project.ipf' already exists.
Original project has been renamed to'F:\Xilinx\13.4\ISE_DS\\auto_project_1.ipf'.
Project: F:\Xilinx\13.4\ISE_DS\\auto_project.ipf created.
// *** BATCH CMD : setMode -bs
// *** BATCH CMD : setCable -port svf -file "F:/XilinxProjects/Camera_3/Camera_3.svf"
// *** BATCH CMD : addDevice -p 1 -file "F:/Xilinx Projects/Camera_3/main.bit"
'1': Loading file 'F:/Xilinx Projects/Camera_3/main.bit' ...
done.
INFO:iMPACT:1777 - 
   Reading F:/Xilinx/13.4/ISE_DS/ISE/spartan3e/data/xc3s1200e.bsd...
UserID read from the bitstream file = 0xFFFFFFFF.
INFO:iMPACT:501 - '1': Added Device xc3s1200e successfully.
----------------------------------------------------------------------
INFO:iMPACT - Current time: 5/23/2013 9:51:42 PM
// *** BATCH CMD : Program -p 1 

'1': Programming device...
PROGRESS_START - Starting Operation.
 LCK_cycle = NoWait.
LCK cycle: NoWait
done.
INFO:iMPACT:579 - '1': Completed downloading bit file to device.
INFO:iMPACT:188 - '1': Programming completed successfully.
 LCK_cycle = NoWait.
LCK cycle: NoWait
INFO:iMPACT - '1': Checking done pin....done.
'1': Programmed successfully.
PROGRESS_END - End Operation.
Elapsed time =      0 sec.
Project: 'F:\Xilinx\13.4\ISE_DS\\auto_project.ipf' created.
// *** BATCH CMD : setMode -bs
// *** BATCH CMD : setMode -ss
// *** BATCH CMD : setMode -sm
// *** BATCH CMD : setMode -hw140
// *** BATCH CMD : setMode -spi
// *** BATCH CMD : setMode -acecf
// *** BATCH CMD : setMode -acempm
// *** BATCH CMD : setMode -pff
// *** BATCH CMD : setMode -bs
// *** BATCH CMD : saveProjectFile -file"F:\Xilinx\13.4\ISE_DS\\auto_project.ipf"
// *** BATCH CMD : setMode -bs
INFO:iMPACT - Launching WebTalk, please refer to the webtalk log at   F:\Xilinx\13.4\ISE_DS\webtalk.log for details.
INFO:iMPACT - Running wbtc successfully.
// *** BATCH CMD : setMode -bs
// *** BATCH CMD : deleteDevice -position 1
// *** BATCH CMD : setMode -bs
// *** BATCH CMD : setMode -ss
// *** BATCH CMD : setMode -sm
// *** BATCH CMD : setMode -hw140
// *** BATCH CMD : setMode -spi
// *** BATCH CMD : setMode -acecf
// *** BATCH CMD : setMode -acempm
// *** BATCH CMD : setMode -pff
